[33210] [33mINFO [0m molab-led-rhino:app - [33mServer started and listening on 3000[0m
[33210] [34mDEBUG[0m molab-led-rhino:app - [34mWeb ui connected[0m
events.js:160
      throw er; // Unhandled 'error' event
      ^

Error: listen EADDRINUSE :::3000
    at Object.exports._errnoException (util.js:1007:11)
    at exports._exceptionWithHostPort (util.js:1030:20)
    at Server._listen2 (net.js:1253:14)
    at listen (net.js:1289:10)
    at Server.listen (net.js:1385:5)
    at Object.<anonymous> (/Users/Todd/Documents/molab-rhino-api/interface/src/app.js:121:6)
    at Module._compile (module.js:541:32)
    at Object.Module._extensions..js (module.js:550:10)
    at Module.load (module.js:458:32)
    at tryModuleLoad (module.js:417:12)
events.js:160
      throw er; // Unhandled 'error' event
      ^

Error: listen EADDRINUSE :::3000
    at Object.exports._errnoException (util.js:1007:11)
    at exports._exceptionWithHostPort (util.js:1030:20)
    at Server._listen2 (net.js:1253:14)
    at listen (net.js:1289:10)
    at Server.listen (net.js:1385:5)
    at Object.<anonymous> (/Users/Todd/Documents/molab-rhino-api/interface/src/app.js:121:6)
    at Module._compile (module.js:541:32)
    at Object.Module._extensions..js (module.js:550:10)
    at Module.load (module.js:458:32)
    at tryModuleLoad (module.js:417:12)
